start: first
accept: accept
reject: reject
blank: _

first 0 -> first 0 >
first 1 -> first 1 >
first + -> first + >
first _ -> second _ <

second 0 -> second 0 <
second 1 -> third 0 >
second + -> sixth _ >

third 0 -> third 1 >
third _ -> fourth _ <

fourth 0 -> fourth 0 <
fourth 1 -> fourth 1 <
fourth + -> fifth + <

fifth 0 -> first 1 >
fifth 1 -> fifth 0 <
fifth _ -> first 1 >

sixth 0 -> sixth _ >
sixth _ -> seventh _ <

seventh 0 -> eight 0 <
seventh _ -> seventh _ <
seventh 1 -> eight 1 <

eight 0 -> eight 0 <
eight 1 -> eight 1 <
eight _ -> accept _ >