start: one
accept: accept
reject: reject
blank: _

one 0 -> one 0 >
one 1 -> one 1 >
one 2 -> one 2 >
one * -> one * >
one _ -> two _ <

two 0 -> four 2 <
two 1 -> five 0 <
two 2 -> five 1 <

three 0 -> six 1 <
three 1 -> six 2 <
three 2 -> three 0 <

four 0 -> four 2 <
four 1 -> five 0 <
four 2 -> five 1 <
four * -> seven * >
four _ -> ten _ >

five 0 -> five 0 <
five 1 -> five 1 <
five 2 -> five 2 <
five * -> six * <
five _ -> six * <

six 0 -> one 1 >
six 1 -> six 0 <
six _ -> one 1 >

seven 0 -> seven 0 >
seven 1 -> seven 0 >
seven 2 -> seven 0 >
seven _ -> eight _ <

eight 0 -> eight _ <
eight 1 -> eight _ <
eight 2 -> eight _ <
eight * -> nine _ <

nine 0 -> nine 0 <
nine 1 -> nine 1 <
nine 2 -> nine 2 <
nine _ -> accept _ >

ten 2 -> accept 0 ^
