start: one
accept: accept
reject: reject
blank: _

one 1 -> one 1 >
one 0 -> one 0 >
one _ -> two _ <

two 1 -> three @ >
two 0 -> four @ >
two @ -> two @ <
two * -> two * <
two # -> two # <
two _ -> five _ >

three @ -> three @ >
three * -> three * >
three # -> three # >
three _ -> two # <

four @ -> four @ >
four * -> four * >
four # -> four # >
four _ -> two * <

five @ -> five _ >
five * -> five 0 >
five # -> five 1 >
five _ -> six _ <

six 1 -> six 1 <
six 0 -> six 0 <
six _ -> accept _ >